Started GET "/" for ::1 at 2023-09-07 07:11:50 -0400
  
ActiveRecord::DatabaseConnectionError (There is an issue connecting to your database with your username/password, username: postgres.

Please check your database configuration to ensure the username/password are valid.
):
  
activerecord (7.0.7) lib/active_record/connection_adapters/postgresql_adapter.rb:83:in `rescue in new_client'
activerecord (7.0.7) lib/active_record/connection_adapters/postgresql_adapter.rb:77:in `new_client'
activerecord (7.0.7) lib/active_record/connection_adapters/postgresql_adapter.rb:37:in `postgresql_connection'
activerecord (7.0.7) lib/active_record/connection_adapters/abstract/connection_pool.rb:656:in `public_send'
activerecord (7.0.7) lib/active_record/connection_adapters/abstract/connection_pool.rb:656:in `new_connection'
activerecord (7.0.7) lib/active_record/connection_adapters/abstract/connection_pool.rb:700:in `checkout_new_connection'
activerecord (7.0.7) lib/active_record/connection_adapters/abstract/connection_pool.rb:679:in `try_to_checkout_new_connection'
activerecord (7.0.7) lib/active_record/connection_adapters/abstract/connection_pool.rb:640:in `acquire_connection'
activerecord (7.0.7) lib/active_record/connection_adapters/abstract/connection_pool.rb:341:in `checkout'
activerecord (7.0.7) lib/active_record/connection_adapters/abstract/connection_pool.rb:181:in `connection'
activerecord (7.0.7) lib/active_record/connection_adapters/abstract/connection_handler.rb:211:in `retrieve_connection'
activerecord (7.0.7) lib/active_record/connection_handling.rb:313:in `retrieve_connection'
activerecord (7.0.7) lib/active_record/connection_handling.rb:280:in `connection'
activerecord (7.0.7) lib/active_record/migration.rb:613:in `connection'
activerecord (7.0.7) lib/active_record/migration.rb:608:in `build_watcher'
activerecord (7.0.7) lib/active_record/migration.rb:590:in `block in call'
activerecord (7.0.7) lib/active_record/migration.rb:589:in `synchronize'
activerecord (7.0.7) lib/active_record/migration.rb:589:in `call'
actionpack (7.0.7) lib/action_dispatch/middleware/callbacks.rb:27:in `block in call'
activesupport (7.0.7) lib/active_support/callbacks.rb:99:in `run_callbacks'
actionpack (7.0.7) lib/action_dispatch/middleware/callbacks.rb:26:in `call'
actionpack (7.0.7) lib/action_dispatch/middleware/executor.rb:14:in `call'
actionpack (7.0.7) lib/action_dispatch/middleware/actionable_exceptions.rb:17:in `call'
actionpack (7.0.7) lib/action_dispatch/middleware/debug_exceptions.rb:28:in `call'
web-console (4.2.0) lib/web_console/middleware.rb:132:in `call_app'
web-console (4.2.0) lib/web_console/middleware.rb:28:in `block in call'
web-console (4.2.0) lib/web_console/middleware.rb:17:in `catch'
web-console (4.2.0) lib/web_console/middleware.rb:17:in `call'
actionpack (7.0.7) lib/action_dispatch/middleware/show_exceptions.rb:29:in `call'
railties (7.0.7) lib/rails/rack/logger.rb:40:in `call_app'
railties (7.0.7) lib/rails/rack/logger.rb:25:in `block in call'
activesupport (7.0.7) lib/active_support/tagged_logging.rb:99:in `block in tagged'
activesupport (7.0.7) lib/active_support/tagged_logging.rb:37:in `tagged'
activesupport (7.0.7) lib/active_support/tagged_logging.rb:99:in `tagged'
railties (7.0.7) lib/rails/rack/logger.rb:25:in `call'
sprockets-rails (3.4.2) lib/sprockets/rails/quiet_assets.rb:13:in `call'
actionpack (7.0.7) lib/action_dispatch/middleware/remote_ip.rb:93:in `call'
actionpack (7.0.7) lib/action_dispatch/middleware/request_id.rb:26:in `call'
rack (2.2.8) lib/rack/method_override.rb:24:in `call'
rack (2.2.8) lib/rack/runtime.rb:22:in `call'
activesupport (7.0.7) lib/active_support/cache/strategy/local_cache_middleware.rb:29:in `call'
actionpack (7.0.7) lib/action_dispatch/middleware/server_timing.rb:61:in `block in call'
actionpack (7.0.7) lib/action_dispatch/middleware/server_timing.rb:26:in `collect_events'
actionpack (7.0.7) lib/action_dispatch/middleware/server_timing.rb:60:in `call'
actionpack (7.0.7) lib/action_dispatch/middleware/executor.rb:14:in `call'
actionpack (7.0.7) lib/action_dispatch/middleware/static.rb:23:in `call'
rack (2.2.8) lib/rack/sendfile.rb:110:in `call'
actionpack (7.0.7) lib/action_dispatch/middleware/host_authorization.rb:137:in `call'
railties (7.0.7) lib/rails/engine.rb:530:in `call'
puma (5.6.7) lib/puma/configuration.rb:252:in `call'
puma (5.6.7) lib/puma/request.rb:77:in `block in handle_request'
puma (5.6.7) lib/puma/thread_pool.rb:340:in `with_force_shutdown'
puma (5.6.7) lib/puma/request.rb:76:in `handle_request'
puma (5.6.7) lib/puma/server.rb:443:in `process_client'
puma (5.6.7) lib/puma/thread_pool.rb:147:in `block in spawn_thread'
  [1m[35m (321.2ms)[0m  [1m[35mCREATE DATABASE "rorwebpack_development" ENCODING = 'unicode'[0m
  [1m[35m (951.7ms)[0m  [1m[35mCREATE DATABASE "rorwebpack_test" ENCODING = 'unicode'[0m
  [1m[35m (311.9ms)[0m  [1m[35mCREATE TABLE "schema_migrations" ("version" character varying NOT NULL PRIMARY KEY)[0m
  [1m[35m (330.0ms)[0m  [1m[35mCREATE TABLE "ar_internal_metadata" ("key" character varying NOT NULL PRIMARY KEY, "value" character varying, "created_at" timestamp(6) NOT NULL, "updated_at" timestamp(6) NOT NULL)[0m
  [1m[35m (0.3ms)[0m  [1m[34mSELECT pg_try_advisory_lock(341920264578629415)[0m
  [1m[36mActiveRecord::SchemaMigration Pluck (1.1ms)[0m  [1m[34mSELECT "schema_migrations"."version" FROM "schema_migrations" ORDER BY "schema_migrations"."version" ASC[0m
Migrating to CreateMessages (20230821143113)
  [1m[36mTRANSACTION (1.1ms)[0m  [1m[35mBEGIN[0m
  [1m[35m (190.0ms)[0m  [1m[35mCREATE TABLE "messages" ("id" bigserial primary key, "greeting" character varying, "created_at" timestamp(6) NOT NULL, "updated_at" timestamp(6) NOT NULL)[0m
  [1m[36mActiveRecord::SchemaMigration Create (1.6ms)[0m  [1m[32mINSERT INTO "schema_migrations" ("version") VALUES ($1) RETURNING "version"[0m  [["version", "20230821143113"]]
  [1m[36mTRANSACTION (22.9ms)[0m  [1m[35mCOMMIT[0m
  [1m[36mActiveRecord::InternalMetadata Load (0.9ms)[0m  [1m[34mSELECT "ar_internal_metadata".* FROM "ar_internal_metadata" WHERE "ar_internal_metadata"."key" = $1 LIMIT $2[0m  [["key", "environment"], ["LIMIT", 1]]
  [1m[36mTRANSACTION (0.3ms)[0m  [1m[35mBEGIN[0m
  [1m[36mActiveRecord::InternalMetadata Create (0.9ms)[0m  [1m[32mINSERT INTO "ar_internal_metadata" ("key", "value", "created_at", "updated_at") VALUES ($1, $2, $3, $4) RETURNING "key"[0m  [["key", "environment"], ["value", "development"], ["created_at", "2023-09-07 11:16:54.802492"], ["updated_at", "2023-09-07 11:16:54.802492"]]
  [1m[36mTRANSACTION (8.1ms)[0m  [1m[35mCOMMIT[0m
  [1m[35m (0.5ms)[0m  [1m[34mSELECT pg_advisory_unlock(341920264578629415)[0m
  [1m[36mActiveRecord::SchemaMigration Pluck (0.9ms)[0m  [1m[34mSELECT "schema_migrations"."version" FROM "schema_migrations" ORDER BY "schema_migrations"."version" ASC[0m
Started GET "/" for ::1 at 2023-09-07 07:17:00 -0400
  
ActiveRecord::DatabaseConnectionError (There is an issue connecting to your database with your username/password, username: postgres.

Please check your database configuration to ensure the username/password are valid.
):
  
activerecord (7.0.7) lib/active_record/connection_adapters/postgresql_adapter.rb:83:in `rescue in new_client'
activerecord (7.0.7) lib/active_record/connection_adapters/postgresql_adapter.rb:77:in `new_client'
activerecord (7.0.7) lib/active_record/connection_adapters/postgresql_adapter.rb:37:in `postgresql_connection'
activerecord (7.0.7) lib/active_record/connection_adapters/abstract/connection_pool.rb:656:in `public_send'
activerecord (7.0.7) lib/active_record/connection_adapters/abstract/connection_pool.rb:656:in `new_connection'
activerecord (7.0.7) lib/active_record/connection_adapters/abstract/connection_pool.rb:700:in `checkout_new_connection'
activerecord (7.0.7) lib/active_record/connection_adapters/abstract/connection_pool.rb:679:in `try_to_checkout_new_connection'
activerecord (7.0.7) lib/active_record/connection_adapters/abstract/connection_pool.rb:640:in `acquire_connection'
activerecord (7.0.7) lib/active_record/connection_adapters/abstract/connection_pool.rb:341:in `checkout'
activerecord (7.0.7) lib/active_record/connection_adapters/abstract/connection_pool.rb:181:in `connection'
activerecord (7.0.7) lib/active_record/connection_adapters/abstract/connection_handler.rb:211:in `retrieve_connection'
activerecord (7.0.7) lib/active_record/connection_handling.rb:313:in `retrieve_connection'
activerecord (7.0.7) lib/active_record/connection_handling.rb:280:in `connection'
activerecord (7.0.7) lib/active_record/migration.rb:613:in `connection'
activerecord (7.0.7) lib/active_record/migration.rb:608:in `build_watcher'
activerecord (7.0.7) lib/active_record/migration.rb:590:in `block in call'
activerecord (7.0.7) lib/active_record/migration.rb:589:in `synchronize'
activerecord (7.0.7) lib/active_record/migration.rb:589:in `call'
actionpack (7.0.7) lib/action_dispatch/middleware/callbacks.rb:27:in `block in call'
activesupport (7.0.7) lib/active_support/callbacks.rb:99:in `run_callbacks'
actionpack (7.0.7) lib/action_dispatch/middleware/callbacks.rb:26:in `call'
actionpack (7.0.7) lib/action_dispatch/middleware/executor.rb:14:in `call'
actionpack (7.0.7) lib/action_dispatch/middleware/actionable_exceptions.rb:17:in `call'
actionpack (7.0.7) lib/action_dispatch/middleware/debug_exceptions.rb:28:in `call'
web-console (4.2.0) lib/web_console/middleware.rb:132:in `call_app'
web-console (4.2.0) lib/web_console/middleware.rb:28:in `block in call'
web-console (4.2.0) lib/web_console/middleware.rb:17:in `catch'
web-console (4.2.0) lib/web_console/middleware.rb:17:in `call'
actionpack (7.0.7) lib/action_dispatch/middleware/show_exceptions.rb:29:in `call'
railties (7.0.7) lib/rails/rack/logger.rb:40:in `call_app'
railties (7.0.7) lib/rails/rack/logger.rb:25:in `block in call'
activesupport (7.0.7) lib/active_support/tagged_logging.rb:99:in `block in tagged'
activesupport (7.0.7) lib/active_support/tagged_logging.rb:37:in `tagged'
activesupport (7.0.7) lib/active_support/tagged_logging.rb:99:in `tagged'
railties (7.0.7) lib/rails/rack/logger.rb:25:in `call'
sprockets-rails (3.4.2) lib/sprockets/rails/quiet_assets.rb:13:in `call'
actionpack (7.0.7) lib/action_dispatch/middleware/remote_ip.rb:93:in `call'
actionpack (7.0.7) lib/action_dispatch/middleware/request_id.rb:26:in `call'
rack (2.2.8) lib/rack/method_override.rb:24:in `call'
rack (2.2.8) lib/rack/runtime.rb:22:in `call'
activesupport (7.0.7) lib/active_support/cache/strategy/local_cache_middleware.rb:29:in `call'
actionpack (7.0.7) lib/action_dispatch/middleware/server_timing.rb:61:in `block in call'
actionpack (7.0.7) lib/action_dispatch/middleware/server_timing.rb:26:in `collect_events'
actionpack (7.0.7) lib/action_dispatch/middleware/server_timing.rb:60:in `call'
actionpack (7.0.7) lib/action_dispatch/middleware/executor.rb:14:in `call'
actionpack (7.0.7) lib/action_dispatch/middleware/static.rb:23:in `call'
rack (2.2.8) lib/rack/sendfile.rb:110:in `call'
actionpack (7.0.7) lib/action_dispatch/middleware/host_authorization.rb:137:in `call'
railties (7.0.7) lib/rails/engine.rb:530:in `call'
puma (5.6.7) lib/puma/configuration.rb:252:in `call'
puma (5.6.7) lib/puma/request.rb:77:in `block in handle_request'
puma (5.6.7) lib/puma/thread_pool.rb:340:in `with_force_shutdown'
puma (5.6.7) lib/puma/request.rb:76:in `handle_request'
puma (5.6.7) lib/puma/server.rb:443:in `process_client'
puma (5.6.7) lib/puma/thread_pool.rb:147:in `block in spawn_thread'
Started GET "/" for ::1 at 2023-09-07 07:17:36 -0400
  [1m[36mActiveRecord::SchemaMigration Pluck (1.1ms)[0m  [1m[34mSELECT "schema_migrations"."version" FROM "schema_migrations" ORDER BY "schema_migrations"."version" ASC[0m
Processing by HomeController#index as HTML
  Rendering layout layouts/application.html.erb
  Rendering home/index.html.erb within layouts/application
  Rendered home/index.html.erb within layouts/application (Duration: 1.3ms | Allocations: 301)
  Rendered layout layouts/application.html.erb (Duration: 764.0ms | Allocations: 64723)
Completed 500 Internal Server Error in 824ms (ActiveRecord: 0.0ms | Allocations: 69114)


  
ActionView::Template::Error (The asset "application.js" is not present in the asset pipeline.
):
     7:     <%= csp_meta_tag %>
     8: 
     9:     <%= stylesheet_link_tag "application", "data-turbo-track": "reload" %>
    10:     <%= javascript_include_tag "application", "data-turbo-track": "reload", defer: true %>
    11:   </head>
    12: 
    13:   <body>
  
app/views/layouts/application.html.erb:10
Started GET "/" for ::1 at 2023-09-07 07:18:42 -0400
Processing by HomeController#index as HTML
  Rendering layout layouts/application.html.erb
  Rendering home/index.html.erb within layouts/application
  Rendered home/index.html.erb within layouts/application (Duration: 0.6ms | Allocations: 110)
  Rendered layout layouts/application.html.erb (Duration: 4.8ms | Allocations: 1588)
Completed 200 OK in 9ms (Views: 7.8ms | ActiveRecord: 0.0ms | Allocations: 2428)


Started GET "/" for ::1 at 2023-09-07 07:18:47 -0400
Processing by HomeController#index as HTML
  Rendering layout layouts/application.html.erb
  Rendering home/index.html.erb within layouts/application
  Rendered home/index.html.erb within layouts/application (Duration: 0.1ms | Allocations: 7)
  Rendered layout layouts/application.html.erb (Duration: 3.7ms | Allocations: 1366)
Completed 200 OK in 5ms (Views: 5.0ms | ActiveRecord: 0.0ms | Allocations: 1607)


  [1m[36mActiveRecord::SchemaMigration Pluck (0.9ms)[0m  [1m[34mSELECT "schema_migrations"."version" FROM "schema_migrations" ORDER BY "schema_migrations"."version" ASC[0m
  [1m[36mTRANSACTION (0.5ms)[0m  [1m[35mBEGIN[0m
  [1m[36mMessage Create (2.5ms)[0m  [1m[32mINSERT INTO "messages" ("greeting", "created_at", "updated_at") VALUES ($1, $2, $3) RETURNING "id"[0m  [["greeting", "Hello"], ["created_at", "2023-09-07 11:19:03.852675"], ["updated_at", "2023-09-07 11:19:03.852675"]]
  [1m[36mTRANSACTION (41.4ms)[0m  [1m[35mCOMMIT[0m
  [1m[36mTRANSACTION (0.3ms)[0m  [1m[35mBEGIN[0m
  [1m[36mMessage Create (0.5ms)[0m  [1m[32mINSERT INTO "messages" ("greeting", "created_at", "updated_at") VALUES ($1, $2, $3) RETURNING "id"[0m  [["greeting", "Hi"], ["created_at", "2023-09-07 11:19:03.905994"], ["updated_at", "2023-09-07 11:19:03.905994"]]
  [1m[36mTRANSACTION (5.1ms)[0m  [1m[35mCOMMIT[0m
  [1m[36mTRANSACTION (0.4ms)[0m  [1m[35mBEGIN[0m
  [1m[36mMessage Create (0.7ms)[0m  [1m[32mINSERT INTO "messages" ("greeting", "created_at", "updated_at") VALUES ($1, $2, $3) RETURNING "id"[0m  [["greeting", "Howdy"], ["created_at", "2023-09-07 11:19:03.917119"], ["updated_at", "2023-09-07 11:19:03.917119"]]
  [1m[36mTRANSACTION (3.3ms)[0m  [1m[35mCOMMIT[0m
  [1m[36mTRANSACTION (0.2ms)[0m  [1m[35mBEGIN[0m
  [1m[36mMessage Create (0.5ms)[0m  [1m[32mINSERT INTO "messages" ("greeting", "created_at", "updated_at") VALUES ($1, $2, $3) RETURNING "id"[0m  [["greeting", "How are you?"], ["created_at", "2023-09-07 11:19:03.928865"], ["updated_at", "2023-09-07 11:19:03.928865"]]
  [1m[36mTRANSACTION (5.2ms)[0m  [1m[35mCOMMIT[0m
  [1m[36mTRANSACTION (0.3ms)[0m  [1m[35mBEGIN[0m
  [1m[36mMessage Create (0.5ms)[0m  [1m[32mINSERT INTO "messages" ("greeting", "created_at", "updated_at") VALUES ($1, $2, $3) RETURNING "id"[0m  [["greeting", "Good morning"], ["created_at", "2023-09-07 11:19:03.940194"], ["updated_at", "2023-09-07 11:19:03.940194"]]
  [1m[36mTRANSACTION (3.1ms)[0m  [1m[35mCOMMIT[0m
Started GET "/" for ::1 at 2023-09-07 07:19:09 -0400
Processing by HomeController#index as HTML
  Rendering layout layouts/application.html.erb
  Rendering home/index.html.erb within layouts/application
  Rendered home/index.html.erb within layouts/application (Duration: 0.1ms | Allocations: 7)
  Rendered layout layouts/application.html.erb (Duration: 5.6ms | Allocations: 1307)
Completed 200 OK in 8ms (Views: 7.0ms | ActiveRecord: 0.0ms | Allocations: 1546)


  [1m[36mMessage Load (1.8ms)[0m  [1m[34mSELECT "messages".* FROM "messages"[0m
Started GET "/api_greetings_random" for ::1 at 2023-09-07 07:20:44 -0400
  
ActionController::RoutingError (No route matches [GET] "/api_greetings_random"):
  
Started GET "/greetings/random" for ::1 at 2023-09-07 07:21:04 -0400
  
ActionController::RoutingError (No route matches [GET] "/greetings/random"):
  
Started GET "/greetings/index" for ::1 at 2023-09-07 07:21:18 -0400
  
ActionController::RoutingError (No route matches [GET] "/greetings/index"):
  
Started GET "/" for ::1 at 2023-09-07 07:22:44 -0400
Processing by HomeController#index as HTML
  Rendering layout layouts/application.html.erb
  Rendering home/index.html.erb within layouts/application
  Rendered home/index.html.erb within layouts/application (Duration: 0.7ms | Allocations: 110)
  Rendered layout layouts/application.html.erb (Duration: 9.8ms | Allocations: 3517)
Completed 500 Internal Server Error in 14ms (ActiveRecord: 0.0ms | Allocations: 4282)


  
ActionView::Template::Error (The asset "application.js" is not present in the asset pipeline.
):
     7:     <%= csp_meta_tag %>
     8: 
     9:     <%= stylesheet_link_tag "application", "data-turbo-track": "reload" %>
    10:     <%= javascript_include_tag "application", "data-turbo-track": "reload", defer: true %>
    11:   </head>
    12: 
    13:   <body>
  
app/views/layouts/application.html.erb:10
Started GET "/" for ::1 at 2023-09-07 09:00:29 -0400
Processing by HomeController#index as HTML
  Rendering layout layouts/application.html.erb
  Rendering home/index.html.erb within layouts/application
  Rendered home/index.html.erb within layouts/application (Duration: 0.1ms | Allocations: 7)
  Rendered layout layouts/application.html.erb (Duration: 1556.4ms | Allocations: 2944)
Completed 500 Internal Server Error in 1558ms (ActiveRecord: 0.0ms | Allocations: 3159)


  
ActionView::Template::Error (The asset "application.js" is not present in the asset pipeline.
):
     7:     <%= csp_meta_tag %>
     8: 
     9:     <%= stylesheet_link_tag "application", "data-turbo-track": "reload" %>
    10:     <%= javascript_include_tag "application", "data-turbo-track": "reload", defer: true %>
    11:   </head>
    12: 
    13:   <body>
  
app/views/layouts/application.html.erb:10
Started GET "/" for ::1 at 2023-09-07 09:02:47 -0400
Processing by HomeController#index as HTML
  Rendering layout layouts/application.html.erb
  Rendering home/index.html.erb within layouts/application
  Rendered home/index.html.erb within layouts/application (Duration: 0.1ms | Allocations: 7)
  Rendered layout layouts/application.html.erb (Duration: 53.9ms | Allocations: 3144)
Completed 500 Internal Server Error in 55ms (ActiveRecord: 0.0ms | Allocations: 3360)


  
ActionView::Template::Error (The asset "application.js" is not present in the asset pipeline.
):
     7:     <%= csp_meta_tag %>
     8: 
     9:     <%= stylesheet_link_tag "application", "data-turbo-track": "reload" %>
    10:     <%= javascript_include_tag "application", "data-turbo-track": "reload", defer: true %>
    11:   </head>
    12: 
    13:   <body>
  
app/views/layouts/application.html.erb:10
Started GET "/" for ::1 at 2023-09-07 09:04:54 -0400
Processing by HomeController#index as HTML
  Rendering layout layouts/application.html.erb
  Rendering home/index.html.erb within layouts/application
  Rendered home/index.html.erb within layouts/application (Duration: 0.1ms | Allocations: 7)
  Rendered layout layouts/application.html.erb (Duration: 6.1ms | Allocations: 3143)
Completed 500 Internal Server Error in 7ms (ActiveRecord: 0.0ms | Allocations: 3357)


  
ActionView::Template::Error (The asset "application.js" is not present in the asset pipeline.
):
     7:     <%= csp_meta_tag %>
     8: 
     9:     <%= stylesheet_link_tag "application", "data-turbo-track": "reload" %>
    10:     <%= javascript_include_tag "application", "data-turbo-track": "reload", defer: true %>
    11:   </head>
    12: 
    13:   <body>
  
app/views/layouts/application.html.erb:10
Started GET "/api/greetings/random" for 127.0.0.1 at 2023-09-07 09:11:21 -0400
Processing by GreetingsController#random as HTML
  [1m[36mMessage Load (246.7ms)[0m  [1m[34mSELECT "messages".* FROM "messages" ORDER BY RANDOM() LIMIT $1[0m  [["LIMIT", 1]]
  ↳ app/controllers/greetings_controller.rb:3:in `random'
Completed 200 OK in 692ms (Views: 14.0ms | ActiveRecord: 359.0ms | Allocations: 8928)


Started GET "/" for ::1 at 2023-09-07 09:15:02 -0400
Processing by HomeController#index as HTML
  Rendering layout layouts/application.html.erb
  Rendering home/index.html.erb within layouts/application
  Rendered home/index.html.erb within layouts/application (Duration: 0.1ms | Allocations: 7)
  Rendered layout layouts/application.html.erb (Duration: 5.3ms | Allocations: 2940)
Completed 500 Internal Server Error in 7ms (ActiveRecord: 0.0ms | Allocations: 3154)


  
ActionView::Template::Error (The asset "application.js" is not present in the asset pipeline.
):
     7:     <%= csp_meta_tag %>
     8: 
     9:     <%= stylesheet_link_tag "application", "data-turbo-track": "reload" %>
    10:     <%= javascript_include_tag "application", "data-turbo-track": "reload", defer: true %>
    11:   </head>
    12: 
    13:   <body>
  
app/views/layouts/application.html.erb:10
Started GET "/" for ::1 at 2023-09-07 09:15:03 -0400
Processing by HomeController#index as HTML
  Rendering layout layouts/application.html.erb
  Rendering home/index.html.erb within layouts/application
  Rendered home/index.html.erb within layouts/application (Duration: 0.1ms | Allocations: 7)
  Rendered layout layouts/application.html.erb (Duration: 7.2ms | Allocations: 2939)
Completed 500 Internal Server Error in 9ms (ActiveRecord: 0.0ms | Allocations: 3153)


  
ActionView::Template::Error (The asset "application.js" is not present in the asset pipeline.
):
     7:     <%= csp_meta_tag %>
     8: 
     9:     <%= stylesheet_link_tag "application", "data-turbo-track": "reload" %>
    10:     <%= javascript_include_tag "application", "data-turbo-track": "reload", defer: true %>
    11:   </head>
    12: 
    13:   <body>
  
app/views/layouts/application.html.erb:10
Started GET "/" for 127.0.0.1 at 2023-09-07 09:22:39 -0400
  [1m[36mActiveRecord::SchemaMigration Pluck (0.7ms)[0m  [1m[34mSELECT "schema_migrations"."version" FROM "schema_migrations" ORDER BY "schema_migrations"."version" ASC[0m
Processing by HomeController#index as HTML
  Rendering layout layouts/application.html.erb
  Rendering home/index.html.erb within layouts/application
  Rendered home/index.html.erb within layouts/application (Duration: 43.4ms | Allocations: 300)
  Rendered layout layouts/application.html.erb (Duration: 2916.9ms | Allocations: 25641)
Completed 200 OK in 3244ms (Views: 2981.5ms | ActiveRecord: 0.0ms | Allocations: 29495)


Started GET "/api/greetings/random" for 127.0.0.1 at 2023-09-07 09:22:50 -0400
Processing by GreetingsController#random as */*
  [1m[36mMessage Load (1.1ms)[0m  [1m[34mSELECT "messages".* FROM "messages" ORDER BY RANDOM() LIMIT $1[0m  [["LIMIT", 1]]
  ↳ app/controllers/greetings_controller.rb:3:in `random'
Completed 200 OK in 27ms (Views: 0.6ms | ActiveRecord: 8.3ms | Allocations: 6024)


Started GET "/" for 127.0.0.1 at 2023-09-07 09:22:56 -0400
Processing by HomeController#index as HTML
  Rendering layout layouts/application.html.erb
  Rendering home/index.html.erb within layouts/application
  Rendered home/index.html.erb within layouts/application (Duration: 0.1ms | Allocations: 7)
  Rendered layout layouts/application.html.erb (Duration: 5.4ms | Allocations: 2107)
Completed 200 OK in 7ms (Views: 6.7ms | ActiveRecord: 0.0ms | Allocations: 2347)


Started GET "/api/greetings/random" for 127.0.0.1 at 2023-09-07 09:22:57 -0400
Processing by GreetingsController#random as */*
  [1m[36mMessage Load (0.7ms)[0m  [1m[34mSELECT "messages".* FROM "messages" ORDER BY RANDOM() LIMIT $1[0m  [["LIMIT", 1]]
  ↳ app/controllers/greetings_controller.rb:3:in `random'
Completed 200 OK in 9ms (Views: 0.9ms | ActiveRecord: 0.7ms | Allocations: 744)


Started GET "/" for 127.0.0.1 at 2023-09-07 09:23:00 -0400
Processing by HomeController#index as HTML
  Rendering layout layouts/application.html.erb
  Rendering home/index.html.erb within layouts/application
  Rendered home/index.html.erb within layouts/application (Duration: 0.1ms | Allocations: 7)
  Rendered layout layouts/application.html.erb (Duration: 6.2ms | Allocations: 2038)
Completed 200 OK in 8ms (Views: 8.0ms | ActiveRecord: 0.0ms | Allocations: 2277)


Started GET "/api/greetings/random" for 127.0.0.1 at 2023-09-07 09:23:01 -0400
Processing by GreetingsController#random as */*
  [1m[36mMessage Load (0.7ms)[0m  [1m[34mSELECT "messages".* FROM "messages" ORDER BY RANDOM() LIMIT $1[0m  [["LIMIT", 1]]
  ↳ app/controllers/greetings_controller.rb:3:in `random'
Completed 200 OK in 9ms (Views: 0.5ms | ActiveRecord: 0.7ms | Allocations: 732)


Started GET "/" for 127.0.0.1 at 2023-09-07 09:23:03 -0400
Processing by HomeController#index as HTML
  Rendering layout layouts/application.html.erb
  Rendering home/index.html.erb within layouts/application
  Rendered home/index.html.erb within layouts/application (Duration: 0.1ms | Allocations: 7)
  Rendered layout layouts/application.html.erb (Duration: 8.9ms | Allocations: 2062)
Completed 200 OK in 13ms (Views: 12.7ms | ActiveRecord: 0.0ms | Allocations: 2299)


Started GET "/api/greetings/random" for 127.0.0.1 at 2023-09-07 09:23:04 -0400
Processing by GreetingsController#random as */*
  [1m[36mMessage Load (1.1ms)[0m  [1m[34mSELECT "messages".* FROM "messages" ORDER BY RANDOM() LIMIT $1[0m  [["LIMIT", 1]]
  ↳ app/controllers/greetings_controller.rb:3:in `random'
Completed 200 OK in 4ms (Views: 0.4ms | ActiveRecord: 1.1ms | Allocations: 743)


Started GET "/" for 127.0.0.1 at 2023-09-07 09:23:07 -0400
Processing by HomeController#index as HTML
  Rendering layout layouts/application.html.erb
  Rendering home/index.html.erb within layouts/application
  Rendered home/index.html.erb within layouts/application (Duration: 0.1ms | Allocations: 7)
  Rendered layout layouts/application.html.erb (Duration: 5.7ms | Allocations: 2055)
Completed 200 OK in 7ms (Views: 6.9ms | ActiveRecord: 0.0ms | Allocations: 2292)


Started GET "/api/greetings/random" for 127.0.0.1 at 2023-09-07 09:23:08 -0400
Processing by GreetingsController#random as */*
  [1m[36mMessage Load (0.5ms)[0m  [1m[34mSELECT "messages".* FROM "messages" ORDER BY RANDOM() LIMIT $1[0m  [["LIMIT", 1]]
  ↳ app/controllers/greetings_controller.rb:3:in `random'
Completed 200 OK in 4ms (Views: 0.5ms | ActiveRecord: 0.5ms | Allocations: 732)


Started GET "/" for 127.0.0.1 at 2023-09-07 09:23:11 -0400
Processing by HomeController#index as HTML
  Rendering layout layouts/application.html.erb
  Rendering home/index.html.erb within layouts/application
  Rendered home/index.html.erb within layouts/application (Duration: 0.1ms | Allocations: 7)
  Rendered layout layouts/application.html.erb (Duration: 6.3ms | Allocations: 2034)
Completed 200 OK in 11ms (Views: 10.2ms | ActiveRecord: 0.0ms | Allocations: 2271)


Started GET "/api/greetings/random" for 127.0.0.1 at 2023-09-07 09:23:12 -0400
Processing by GreetingsController#random as */*
  [1m[36mMessage Load (0.5ms)[0m  [1m[34mSELECT "messages".* FROM "messages" ORDER BY RANDOM() LIMIT $1[0m  [["LIMIT", 1]]
  ↳ app/controllers/greetings_controller.rb:3:in `random'
Completed 200 OK in 4ms (Views: 0.4ms | ActiveRecord: 0.5ms | Allocations: 732)


Started GET "/" for 127.0.0.1 at 2023-09-07 09:24:52 -0400
Processing by HomeController#index as HTML
  Rendering layout layouts/application.html.erb
  Rendering home/index.html.erb within layouts/application
  Rendered home/index.html.erb within layouts/application (Duration: 0.1ms | Allocations: 7)
  Rendered layout layouts/application.html.erb (Duration: 240.7ms | Allocations: 4757)
Completed 200 OK in 243ms (Views: 241.5ms | ActiveRecord: 0.0ms | Allocations: 4994)


Started GET "/api/greetings/random" for 127.0.0.1 at 2023-09-07 09:24:53 -0400
Processing by GreetingsController#random as */*
  [1m[36mMessage Load (0.7ms)[0m  [1m[34mSELECT "messages".* FROM "messages" ORDER BY RANDOM() LIMIT $1[0m  [["LIMIT", 1]]
  ↳ app/controllers/greetings_controller.rb:3:in `random'
Completed 200 OK in 4ms (Views: 0.7ms | ActiveRecord: 0.7ms | Allocations: 732)


Started GET "/" for 127.0.0.1 at 2023-09-07 09:24:56 -0400
Processing by HomeController#index as HTML
  Rendering layout layouts/application.html.erb
  Rendering home/index.html.erb within layouts/application
  Rendered home/index.html.erb within layouts/application (Duration: 0.1ms | Allocations: 7)
  Rendered layout layouts/application.html.erb (Duration: 13.6ms | Allocations: 2040)
Completed 200 OK in 19ms (Views: 18.5ms | ActiveRecord: 0.0ms | Allocations: 2277)


Started GET "/api/greetings/random" for 127.0.0.1 at 2023-09-07 09:24:56 -0400
Processing by GreetingsController#random as */*
  [1m[36mMessage Load (0.5ms)[0m  [1m[34mSELECT "messages".* FROM "messages" ORDER BY RANDOM() LIMIT $1[0m  [["LIMIT", 1]]
  ↳ app/controllers/greetings_controller.rb:3:in `random'
Completed 200 OK in 4ms (Views: 0.5ms | ActiveRecord: 0.5ms | Allocations: 732)


Started GET "/" for 127.0.0.1 at 2023-09-07 09:31:07 -0400
  
LoadError (cannot load such file -- /home/hope/Desktop/tryProject/ror-helloworld-project-with-webpack/config/routes.rb):
  
railties (7.0.7) lib/rails/application/routes_reloader.rb:50:in `load'
railties (7.0.7) lib/rails/application/routes_reloader.rb:50:in `block in load_paths'
railties (7.0.7) lib/rails/application/routes_reloader.rb:50:in `each'
railties (7.0.7) lib/rails/application/routes_reloader.rb:50:in `load_paths'
railties (7.0.7) lib/rails/application/routes_reloader.rb:24:in `reload!'
railties (7.0.7) lib/rails/application/routes_reloader.rb:38:in `block in updater'
activesupport (7.0.7) lib/active_support/file_update_checker.rb:83:in `execute'
railties (7.0.7) lib/rails/application/routes_reloader.rb:13:in `execute'
railties (7.0.7) lib/rails/application/finisher.rb:171:in `block (2 levels) in <module:Finisher>'
activesupport (7.0.7) lib/active_support/callbacks.rb:445:in `instance_exec'
activesupport (7.0.7) lib/active_support/callbacks.rb:445:in `block in make_lambda'
activesupport (7.0.7) lib/active_support/callbacks.rb:199:in `block (2 levels) in halting'
activesupport (7.0.7) lib/active_support/callbacks.rb:687:in `block (2 levels) in default_terminator'
activesupport (7.0.7) lib/active_support/callbacks.rb:686:in `catch'
activesupport (7.0.7) lib/active_support/callbacks.rb:686:in `block in default_terminator'
activesupport (7.0.7) lib/active_support/callbacks.rb:200:in `block in halting'
activesupport (7.0.7) lib/active_support/callbacks.rb:595:in `block in invoke_before'
activesupport (7.0.7) lib/active_support/callbacks.rb:595:in `each'
activesupport (7.0.7) lib/active_support/callbacks.rb:595:in `invoke_before'
activesupport (7.0.7) lib/active_support/callbacks.rb:106:in `run_callbacks'
activesupport (7.0.7) lib/active_support/execution_wrapper.rb:129:in `run'
activesupport (7.0.7) lib/active_support/execution_wrapper.rb:125:in `run!'
activesupport (7.0.7) lib/active_support/reloader.rb:114:in `run!'
activesupport (7.0.7) lib/active_support/execution_wrapper.rb:78:in `block in run!'
<internal:kernel>:90:in `tap'
activesupport (7.0.7) lib/active_support/execution_wrapper.rb:75:in `run!'
activesupport (7.0.7) lib/active_support/reloader.rb:63:in `run!'
actionpack (7.0.7) lib/action_dispatch/middleware/executor.rb:12:in `call'
actionpack (7.0.7) lib/action_dispatch/middleware/actionable_exceptions.rb:17:in `call'
actionpack (7.0.7) lib/action_dispatch/middleware/debug_exceptions.rb:28:in `call'
web-console (4.2.0) lib/web_console/middleware.rb:132:in `call_app'
web-console (4.2.0) lib/web_console/middleware.rb:28:in `block in call'
web-console (4.2.0) lib/web_console/middleware.rb:17:in `catch'
web-console (4.2.0) lib/web_console/middleware.rb:17:in `call'
actionpack (7.0.7) lib/action_dispatch/middleware/show_exceptions.rb:29:in `call'
railties (7.0.7) lib/rails/rack/logger.rb:40:in `call_app'
railties (7.0.7) lib/rails/rack/logger.rb:25:in `block in call'
activesupport (7.0.7) lib/active_support/tagged_logging.rb:99:in `block in tagged'
activesupport (7.0.7) lib/active_support/tagged_logging.rb:37:in `tagged'
activesupport (7.0.7) lib/active_support/tagged_logging.rb:99:in `tagged'
railties (7.0.7) lib/rails/rack/logger.rb:25:in `call'
sprockets-rails (3.4.2) lib/sprockets/rails/quiet_assets.rb:13:in `call'
actionpack (7.0.7) lib/action_dispatch/middleware/remote_ip.rb:93:in `call'
actionpack (7.0.7) lib/action_dispatch/middleware/request_id.rb:26:in `call'
rack (2.2.8) lib/rack/method_override.rb:24:in `call'
rack (2.2.8) lib/rack/runtime.rb:22:in `call'
activesupport (7.0.7) lib/active_support/cache/strategy/local_cache_middleware.rb:29:in `call'
actionpack (7.0.7) lib/action_dispatch/middleware/server_timing.rb:61:in `block in call'
actionpack (7.0.7) lib/action_dispatch/middleware/server_timing.rb:26:in `collect_events'
actionpack (7.0.7) lib/action_dispatch/middleware/server_timing.rb:60:in `call'
actionpack (7.0.7) lib/action_dispatch/middleware/executor.rb:14:in `call'
actionpack (7.0.7) lib/action_dispatch/middleware/static.rb:23:in `call'
rack (2.2.8) lib/rack/sendfile.rb:110:in `call'
actionpack (7.0.7) lib/action_dispatch/middleware/host_authorization.rb:137:in `call'
railties (7.0.7) lib/rails/engine.rb:530:in `call'
puma (5.6.7) lib/puma/configuration.rb:252:in `call'
puma (5.6.7) lib/puma/request.rb:77:in `block in handle_request'
puma (5.6.7) lib/puma/thread_pool.rb:340:in `with_force_shutdown'
puma (5.6.7) lib/puma/request.rb:76:in `handle_request'
puma (5.6.7) lib/puma/server.rb:443:in `process_client'
puma (5.6.7) lib/puma/thread_pool.rb:147:in `block in spawn_thread'
Started GET "/" for ::1 at 2023-09-07 09:43:25 -0400
  [1m[36mActiveRecord::SchemaMigration Pluck (1.2ms)[0m  [1m[34mSELECT "schema_migrations"."version" FROM "schema_migrations" ORDER BY "schema_migrations"."version" ASC[0m
Processing by HomeController#index as HTML
  Rendering layout layouts/application.html.erb
  Rendering home/index.html.erb within layouts/application
  Rendered home/index.html.erb within layouts/application (Duration: 2.3ms | Allocations: 300)
  Rendered layout layouts/application.html.erb (Duration: 120.8ms | Allocations: 22648)
Completed 200 OK in 137ms (Views: 125.8ms | ActiveRecord: 0.0ms | Allocations: 26566)


Started GET "/api/greetings/random" for 127.0.0.1 at 2023-09-07 09:43:27 -0400
Processing by GreetingsController#random as */*
  [1m[36mMessage Load (1.2ms)[0m  [1m[34mSELECT "messages".* FROM "messages" ORDER BY RANDOM() LIMIT $1[0m  [["LIMIT", 1]]
  ↳ app/controllers/greetings_controller.rb:3:in `random'
Completed 200 OK in 36ms (Views: 1.0ms | ActiveRecord: 12.8ms | Allocations: 6131)


Started GET "/" for ::1 at 2023-09-07 09:43:34 -0400
Processing by HomeController#index as HTML
  Rendering layout layouts/application.html.erb
  Rendering home/index.html.erb within layouts/application
  Rendered home/index.html.erb within layouts/application (Duration: 0.1ms | Allocations: 7)
  Rendered layout layouts/application.html.erb (Duration: 5.4ms | Allocations: 1983)
Completed 200 OK in 7ms (Views: 6.2ms | ActiveRecord: 0.0ms | Allocations: 2223)


Started GET "/api/greetings/random" for 127.0.0.1 at 2023-09-07 09:43:35 -0400
Processing by GreetingsController#random as */*
  [1m[36mMessage Load (0.6ms)[0m  [1m[34mSELECT "messages".* FROM "messages" ORDER BY RANDOM() LIMIT $1[0m  [["LIMIT", 1]]
  ↳ app/controllers/greetings_controller.rb:3:in `random'
Completed 200 OK in 3ms (Views: 0.5ms | ActiveRecord: 0.6ms | Allocations: 744)


Started GET "/" for ::1 at 2023-09-07 09:43:38 -0400
Processing by HomeController#index as HTML
  Rendering layout layouts/application.html.erb
  Rendering home/index.html.erb within layouts/application
  Rendered home/index.html.erb within layouts/application (Duration: 0.1ms | Allocations: 7)
  Rendered layout layouts/application.html.erb (Duration: 5.0ms | Allocations: 1921)
Completed 200 OK in 6ms (Views: 6.0ms | ActiveRecord: 0.0ms | Allocations: 2158)


Started GET "/api/greetings/random" for 127.0.0.1 at 2023-09-07 09:43:39 -0400
Processing by GreetingsController#random as */*
  [1m[36mMessage Load (0.5ms)[0m  [1m[34mSELECT "messages".* FROM "messages" ORDER BY RANDOM() LIMIT $1[0m  [["LIMIT", 1]]
  ↳ app/controllers/greetings_controller.rb:3:in `random'
Completed 200 OK in 4ms (Views: 0.6ms | ActiveRecord: 0.5ms | Allocations: 732)


  [1m[36mActiveRecord::SchemaMigration Pluck (1.1ms)[0m  [1m[34mSELECT "schema_migrations"."version" FROM "schema_migrations" ORDER BY "schema_migrations"."version" ASC[0m
  [1m[36mTRANSACTION (0.2ms)[0m  [1m[35mBEGIN[0m
  [1m[36mMessage Create (11.6ms)[0m  [1m[32mINSERT INTO "messages" ("greeting", "created_at", "updated_at") VALUES ($1, $2, $3) RETURNING "id"[0m  [["greeting", "Hello Abdi"], ["created_at", "2023-09-07 13:45:22.718189"], ["updated_at", "2023-09-07 13:45:22.718189"]]
  [1m[36mTRANSACTION (90.1ms)[0m  [1m[35mCOMMIT[0m
  [1m[36mTRANSACTION (0.3ms)[0m  [1m[35mBEGIN[0m
  [1m[36mMessage Create (0.4ms)[0m  [1m[32mINSERT INTO "messages" ("greeting", "created_at", "updated_at") VALUES ($1, $2, $3) RETURNING "id"[0m  [["greeting", "Hello Teacher"], ["created_at", "2023-09-07 13:45:22.825506"], ["updated_at", "2023-09-07 13:45:22.825506"]]
  [1m[36mTRANSACTION (5.8ms)[0m  [1m[35mCOMMIT[0m
  [1m[36mTRANSACTION (0.2ms)[0m  [1m[35mBEGIN[0m
  [1m[36mMessage Create (0.4ms)[0m  [1m[32mINSERT INTO "messages" ("greeting", "created_at", "updated_at") VALUES ($1, $2, $3) RETURNING "id"[0m  [["greeting", "How are you"], ["created_at", "2023-09-07 13:45:22.836266"], ["updated_at", "2023-09-07 13:45:22.836266"]]
  [1m[36mTRANSACTION (6.5ms)[0m  [1m[35mCOMMIT[0m
  [1m[36mTRANSACTION (0.3ms)[0m  [1m[35mBEGIN[0m
  [1m[36mMessage Create (0.5ms)[0m  [1m[32mINSERT INTO "messages" ("greeting", "created_at", "updated_at") VALUES ($1, $2, $3) RETURNING "id"[0m  [["greeting", "How old areyou?"], ["created_at", "2023-09-07 13:45:22.847607"], ["updated_at", "2023-09-07 13:45:22.847607"]]
  [1m[36mTRANSACTION (4.4ms)[0m  [1m[35mCOMMIT[0m
  [1m[36mTRANSACTION (0.3ms)[0m  [1m[35mBEGIN[0m
  [1m[36mMessage Create (0.6ms)[0m  [1m[32mINSERT INTO "messages" ("greeting", "created_at", "updated_at") VALUES ($1, $2, $3) RETURNING "id"[0m  [["greeting", "You look awesome"], ["created_at", "2023-09-07 13:45:22.859367"], ["updated_at", "2023-09-07 13:45:22.859367"]]
  [1m[36mTRANSACTION (4.1ms)[0m  [1m[35mCOMMIT[0m
Started GET "/" for ::1 at 2023-09-07 09:45:27 -0400
Processing by HomeController#index as HTML
  Rendering layout layouts/application.html.erb
  Rendering home/index.html.erb within layouts/application
  Rendered home/index.html.erb within layouts/application (Duration: 0.1ms | Allocations: 7)
  Rendered layout layouts/application.html.erb (Duration: 4.8ms | Allocations: 1925)
Completed 200 OK in 6ms (Views: 5.5ms | ActiveRecord: 0.0ms | Allocations: 2162)


Started GET "/api/greetings/random" for 127.0.0.1 at 2023-09-07 09:45:28 -0400
Processing by GreetingsController#random as */*
  [1m[36mMessage Load (0.6ms)[0m  [1m[34mSELECT "messages".* FROM "messages" ORDER BY RANDOM() LIMIT $1[0m  [["LIMIT", 1]]
  ↳ app/controllers/greetings_controller.rb:3:in `random'
Completed 200 OK in 4ms (Views: 0.5ms | ActiveRecord: 0.6ms | Allocations: 732)


Started GET "/" for ::1 at 2023-09-07 09:45:31 -0400
Processing by HomeController#index as HTML
  Rendering layout layouts/application.html.erb
  Rendering home/index.html.erb within layouts/application
  Rendered home/index.html.erb within layouts/application (Duration: 0.1ms | Allocations: 7)
  Rendered layout layouts/application.html.erb (Duration: 4.0ms | Allocations: 1934)
Completed 200 OK in 5ms (Views: 4.8ms | ActiveRecord: 0.0ms | Allocations: 2173)


Started GET "/api/greetings/random" for 127.0.0.1 at 2023-09-07 09:45:32 -0400
Processing by GreetingsController#random as */*
  [1m[36mMessage Load (0.5ms)[0m  [1m[34mSELECT "messages".* FROM "messages" ORDER BY RANDOM() LIMIT $1[0m  [["LIMIT", 1]]
  ↳ app/controllers/greetings_controller.rb:3:in `random'
Completed 200 OK in 3ms (Views: 0.4ms | ActiveRecord: 0.5ms | Allocations: 743)


Started GET "/" for ::1 at 2023-09-07 09:46:02 -0400
Processing by HomeController#index as HTML
  Rendering layout layouts/application.html.erb
  Rendering home/index.html.erb within layouts/application
  Rendered home/index.html.erb within layouts/application (Duration: 0.1ms | Allocations: 7)
  Rendered layout layouts/application.html.erb (Duration: 5.5ms | Allocations: 1940)
Completed 200 OK in 7ms (Views: 6.4ms | ActiveRecord: 0.0ms | Allocations: 2177)


Started GET "/api/greetings/random" for 127.0.0.1 at 2023-09-07 09:46:03 -0400
Processing by GreetingsController#random as */*
  [1m[36mMessage Load (0.6ms)[0m  [1m[34mSELECT "messages".* FROM "messages" ORDER BY RANDOM() LIMIT $1[0m  [["LIMIT", 1]]
  ↳ app/controllers/greetings_controller.rb:3:in `random'
Completed 200 OK in 4ms (Views: 0.5ms | ActiveRecord: 0.6ms | Allocations: 732)


Started GET "/" for ::1 at 2023-09-07 09:46:48 -0400
Processing by HomeController#index as HTML
  Rendering layout layouts/application.html.erb
  Rendering home/index.html.erb within layouts/application
  Rendered home/index.html.erb within layouts/application (Duration: 0.1ms | Allocations: 7)
  Rendered layout layouts/application.html.erb (Duration: 4.1ms | Allocations: 1927)
Completed 200 OK in 5ms (Views: 5.0ms | ActiveRecord: 0.0ms | Allocations: 2164)


Started GET "/api/greetings/random" for 127.0.0.1 at 2023-09-07 09:46:48 -0400
Processing by GreetingsController#random as */*
  [1m[36mMessage Load (0.5ms)[0m  [1m[34mSELECT "messages".* FROM "messages" ORDER BY RANDOM() LIMIT $1[0m  [["LIMIT", 1]]
  ↳ app/controllers/greetings_controller.rb:3:in `random'
Completed 200 OK in 3ms (Views: 0.4ms | ActiveRecord: 0.5ms | Allocations: 732)


Started GET "/" for ::1 at 2023-09-07 09:47:03 -0400
Processing by HomeController#index as HTML
  Rendering layout layouts/application.html.erb
  Rendering home/index.html.erb within layouts/application
  Rendered home/index.html.erb within layouts/application (Duration: 0.1ms | Allocations: 7)
  Rendered layout layouts/application.html.erb (Duration: 5.0ms | Allocations: 1933)
Completed 200 OK in 6ms (Views: 6.0ms | ActiveRecord: 0.0ms | Allocations: 2170)


Started GET "/api/greetings/random" for 127.0.0.1 at 2023-09-07 09:47:03 -0400
Processing by GreetingsController#random as */*
  [1m[36mMessage Load (0.5ms)[0m  [1m[34mSELECT "messages".* FROM "messages" ORDER BY RANDOM() LIMIT $1[0m  [["LIMIT", 1]]
  ↳ app/controllers/greetings_controller.rb:3:in `random'
Completed 200 OK in 4ms (Views: 0.4ms | ActiveRecord: 0.5ms | Allocations: 732)


Started GET "/" for ::1 at 2023-09-07 09:48:04 -0400
Processing by HomeController#index as HTML
  Rendering layout layouts/application.html.erb
  Rendering home/index.html.erb within layouts/application
  Rendered home/index.html.erb within layouts/application (Duration: 0.0ms | Allocations: 7)
  Rendered layout layouts/application.html.erb (Duration: 5.6ms | Allocations: 1921)
Completed 200 OK in 7ms (Views: 6.3ms | ActiveRecord: 0.0ms | Allocations: 2158)


Started GET "/api/greetings/random" for 127.0.0.1 at 2023-09-07 09:48:04 -0400
Processing by GreetingsController#random as */*
  [1m[36mMessage Load (0.5ms)[0m  [1m[34mSELECT "messages".* FROM "messages" ORDER BY RANDOM() LIMIT $1[0m  [["LIMIT", 1]]
  ↳ app/controllers/greetings_controller.rb:3:in `random'
Completed 200 OK in 3ms (Views: 0.5ms | ActiveRecord: 0.5ms | Allocations: 732)


Started GET "/" for ::1 at 2023-09-07 09:48:06 -0400
Processing by HomeController#index as HTML
  Rendering layout layouts/application.html.erb
  Rendering home/index.html.erb within layouts/application
  Rendered home/index.html.erb within layouts/application (Duration: 0.1ms | Allocations: 7)
  Rendered layout layouts/application.html.erb (Duration: 12.8ms | Allocations: 1921)
Completed 200 OK in 15ms (Views: 14.7ms | ActiveRecord: 0.0ms | Allocations: 2158)


Started GET "/api/greetings/random" for 127.0.0.1 at 2023-09-07 09:48:07 -0400
Processing by GreetingsController#random as */*
  [1m[36mMessage Load (0.6ms)[0m  [1m[34mSELECT "messages".* FROM "messages" ORDER BY RANDOM() LIMIT $1[0m  [["LIMIT", 1]]
  ↳ app/controllers/greetings_controller.rb:3:in `random'
Completed 200 OK in 4ms (Views: 0.5ms | ActiveRecord: 0.6ms | Allocations: 732)


Started GET "/" for ::1 at 2023-09-07 09:48:52 -0400
  [1m[36mActiveRecord::SchemaMigration Pluck (1.1ms)[0m  [1m[34mSELECT "schema_migrations"."version" FROM "schema_migrations" ORDER BY "schema_migrations"."version" ASC[0m
Processing by HomeController#index as HTML
  Rendering layout layouts/application.html.erb
  Rendering home/index.html.erb within layouts/application
  Rendered home/index.html.erb within layouts/application (Duration: 1.4ms | Allocations: 300)
  Rendered layout layouts/application.html.erb (Duration: 184.7ms | Allocations: 19096)
Completed 200 OK in 203ms (Views: 189.8ms | ActiveRecord: 0.0ms | Allocations: 22951)


Started GET "/api/greetings/random" for 127.0.0.1 at 2023-09-07 09:48:53 -0400
Processing by GreetingsController#random as */*
  [1m[36mMessage Load (15.9ms)[0m  [1m[34mSELECT "messages".* FROM "messages" ORDER BY RANDOM() LIMIT $1[0m  [["LIMIT", 1]]
  ↳ app/controllers/greetings_controller.rb:3:in `random'
Completed 200 OK in 129ms (Views: 1.1ms | ActiveRecord: 39.7ms | Allocations: 6079)


  [1m[36mMessage Load (1.4ms)[0m  [1m[34mSELECT "messages".* FROM "messages"[0m
  [1m[36mActiveRecord::SchemaMigration Pluck (1.0ms)[0m  [1m[34mSELECT "schema_migrations"."version" FROM "schema_migrations" ORDER BY "schema_migrations"."version" ASC[0m
  [1m[36mTRANSACTION (0.3ms)[0m  [1m[35mBEGIN[0m
  [1m[36mMessage Create (0.8ms)[0m  [1m[32mINSERT INTO "messages" ("greeting", "created_at", "updated_at") VALUES ($1, $2, $3) RETURNING "id"[0m  [["greeting", "Hello Abdi"], ["created_at", "2023-09-07 13:49:46.032755"], ["updated_at", "2023-09-07 13:49:46.032755"]]
  [1m[36mTRANSACTION (88.0ms)[0m  [1m[35mCOMMIT[0m
  [1m[36mTRANSACTION (0.3ms)[0m  [1m[35mBEGIN[0m
  [1m[36mMessage Create (0.6ms)[0m  [1m[32mINSERT INTO "messages" ("greeting", "created_at", "updated_at") VALUES ($1, $2, $3) RETURNING "id"[0m  [["greeting", "Hello Teacher"], ["created_at", "2023-09-07 13:49:46.129431"], ["updated_at", "2023-09-07 13:49:46.129431"]]
  [1m[36mTRANSACTION (3.8ms)[0m  [1m[35mCOMMIT[0m
  [1m[36mTRANSACTION (0.2ms)[0m  [1m[35mBEGIN[0m
  [1m[36mMessage Create (0.4ms)[0m  [1m[32mINSERT INTO "messages" ("greeting", "created_at", "updated_at") VALUES ($1, $2, $3) RETURNING "id"[0m  [["greeting", "How are you"], ["created_at", "2023-09-07 13:49:46.140105"], ["updated_at", "2023-09-07 13:49:46.140105"]]
  [1m[36mTRANSACTION (5.2ms)[0m  [1m[35mCOMMIT[0m
  [1m[36mTRANSACTION (0.3ms)[0m  [1m[35mBEGIN[0m
  [1m[36mMessage Create (0.4ms)[0m  [1m[32mINSERT INTO "messages" ("greeting", "created_at", "updated_at") VALUES ($1, $2, $3) RETURNING "id"[0m  [["greeting", "How old areyou?"], ["created_at", "2023-09-07 13:49:46.151469"], ["updated_at", "2023-09-07 13:49:46.151469"]]
  [1m[36mTRANSACTION (4.1ms)[0m  [1m[35mCOMMIT[0m
  [1m[36mTRANSACTION (0.2ms)[0m  [1m[35mBEGIN[0m
  [1m[36mMessage Create (0.6ms)[0m  [1m[32mINSERT INTO "messages" ("greeting", "created_at", "updated_at") VALUES ($1, $2, $3) RETURNING "id"[0m  [["greeting", "You look awesome"], ["created_at", "2023-09-07 13:49:46.161755"], ["updated_at", "2023-09-07 13:49:46.161755"]]
  [1m[36mTRANSACTION (5.2ms)[0m  [1m[35mCOMMIT[0m
Started GET "/" for ::1 at 2023-09-07 09:49:57 -0400
Processing by HomeController#index as HTML
  Rendering layout layouts/application.html.erb
  Rendering home/index.html.erb within layouts/application
  Rendered home/index.html.erb within layouts/application (Duration: 0.1ms | Allocations: 7)
  Rendered layout layouts/application.html.erb (Duration: 4.9ms | Allocations: 1915)
Completed 200 OK in 7ms (Views: 6.3ms | ActiveRecord: 0.0ms | Allocations: 2155)


Started GET "/api/greetings/random" for 127.0.0.1 at 2023-09-07 09:49:58 -0400
Processing by GreetingsController#random as */*
  [1m[36mMessage Load (0.9ms)[0m  [1m[34mSELECT "messages".* FROM "messages" ORDER BY RANDOM() LIMIT $1[0m  [["LIMIT", 1]]
  ↳ app/controllers/greetings_controller.rb:3:in `random'
Completed 200 OK in 6ms (Views: 0.5ms | ActiveRecord: 0.9ms | Allocations: 732)


Started GET "/random_message" for ::1 at 2023-09-07 09:50:07 -0400
  
ActionController::RoutingError (No route matches [GET] "/random_message"):
  
Started GET "/greetings/random" for ::1 at 2023-09-07 09:50:27 -0400
  
ActionController::RoutingError (No route matches [GET] "/greetings/random"):
  
Started GET "/api/greetings/random" for ::1 at 2023-09-07 09:51:10 -0400
Processing by GreetingsController#random as HTML
  [1m[36mMessage Load (2.5ms)[0m  [1m[34mSELECT "messages".* FROM "messages" ORDER BY RANDOM() LIMIT $1[0m  [["LIMIT", 1]]
  ↳ app/controllers/greetings_controller.rb:3:in `random'
Completed 200 OK in 7ms (Views: 0.5ms | ActiveRecord: 2.5ms | Allocations: 729)


Started GET "/api/greetings/random" for ::1 at 2023-09-07 09:52:21 -0400
Processing by GreetingsController#random as HTML
  [1m[36mMessage Load (1.5ms)[0m  [1m[34mSELECT "messages".* FROM "messages" ORDER BY RANDOM() LIMIT $1[0m  [["LIMIT", 1]]
  ↳ app/controllers/greetings_controller.rb:3:in `random'
Completed 200 OK in 429ms (Views: 147.0ms | ActiveRecord: 1.5ms | Allocations: 740)


Started GET "/" for ::1 at 2023-09-07 09:52:46 -0400
Processing by HomeController#index as HTML
  Rendering layout layouts/application.html.erb
  Rendering home/index.html.erb within layouts/application
  Rendered home/index.html.erb within layouts/application (Duration: 0.1ms | Allocations: 7)
  Rendered layout layouts/application.html.erb (Duration: 3040.1ms | Allocations: 2872)
Completed 200 OK in 3043ms (Views: 3042.7ms | ActiveRecord: 0.0ms | Allocations: 3111)


Started GET "/api/greetings/random" for 127.0.0.1 at 2023-09-07 09:52:52 -0400
Processing by GreetingsController#random as */*
  [1m[36mMessage Load (1.8ms)[0m  [1m[34mSELECT "messages".* FROM "messages" ORDER BY RANDOM() LIMIT $1[0m  [["LIMIT", 1]]
  ↳ app/controllers/greetings_controller.rb:3:in `random'
Completed 200 OK in 39ms (Views: 0.5ms | ActiveRecord: 1.8ms | Allocations: 732)


Started GET "/api/greetings/random" for 127.0.0.1 at 2023-09-07 09:54:15 -0400
Processing by GreetingsController#random as HTML
  [1m[36mMessage Load (1.1ms)[0m  [1m[34mSELECT "messages".* FROM "messages" ORDER BY RANDOM() LIMIT $1[0m  [["LIMIT", 1]]
  ↳ app/controllers/greetings_controller.rb:3:in `random'
Completed 200 OK in 11ms (Views: 0.7ms | ActiveRecord: 1.1ms | Allocations: 728)


Started GET "/" for 127.0.0.1 at 2023-09-07 09:55:20 -0400
Processing by HomeController#index as HTML
  Rendering layout layouts/application.html.erb
  Rendering home/index.html.erb within layouts/application
  Rendered home/index.html.erb within layouts/application (Duration: 0.1ms | Allocations: 7)
  Rendered layout layouts/application.html.erb (Duration: 396.4ms | Allocations: 4768)
Completed 200 OK in 416ms (Views: 416.0ms | ActiveRecord: 0.0ms | Allocations: 5005)


Started GET "/api/greetings/random" for 127.0.0.1 at 2023-09-07 09:55:22 -0400
Processing by GreetingsController#random as */*
  [1m[36mMessage Load (0.9ms)[0m  [1m[34mSELECT "messages".* FROM "messages" ORDER BY RANDOM() LIMIT $1[0m  [["LIMIT", 1]]
  ↳ app/controllers/greetings_controller.rb:3:in `random'
Completed 200 OK in 31ms (Views: 0.9ms | ActiveRecord: 0.9ms | Allocations: 732)


Started GET "/" for 127.0.0.1 at 2023-09-07 09:55:26 -0400
Processing by HomeController#index as HTML
  Rendering layout layouts/application.html.erb
  Rendering home/index.html.erb within layouts/application
  Rendered home/index.html.erb within layouts/application (Duration: 0.1ms | Allocations: 7)
  Rendered layout layouts/application.html.erb (Duration: 43.6ms | Allocations: 1926)
Completed 200 OK in 45ms (Views: 44.9ms | ActiveRecord: 0.0ms | Allocations: 2163)


Started GET "/api/greetings/random" for 127.0.0.1 at 2023-09-07 09:55:27 -0400
Processing by GreetingsController#random as */*
  [1m[36mMessage Load (1.3ms)[0m  [1m[34mSELECT "messages".* FROM "messages" ORDER BY RANDOM() LIMIT $1[0m  [["LIMIT", 1]]
  ↳ app/controllers/greetings_controller.rb:3:in `random'
Completed 200 OK in 13ms (Views: 0.6ms | ActiveRecord: 1.3ms | Allocations: 744)


Started GET "/" for 127.0.0.1 at 2023-09-07 09:55:37 -0400
Processing by HomeController#index as HTML
  Rendering layout layouts/application.html.erb
  Rendering home/index.html.erb within layouts/application
  Rendered home/index.html.erb within layouts/application (Duration: 0.1ms | Allocations: 7)
  Rendered layout layouts/application.html.erb (Duration: 277.4ms | Allocations: 4606)
Completed 200 OK in 280ms (Views: 279.1ms | ActiveRecord: 0.0ms | Allocations: 4843)


Started GET "/api/greetings/random" for 127.0.0.1 at 2023-09-07 09:55:37 -0400
Processing by GreetingsController#random as */*
  [1m[36mMessage Load (0.7ms)[0m  [1m[34mSELECT "messages".* FROM "messages" ORDER BY RANDOM() LIMIT $1[0m  [["LIMIT", 1]]
  ↳ app/controllers/greetings_controller.rb:3:in `random'
Completed 200 OK in 14ms (Views: 0.5ms | ActiveRecord: 0.7ms | Allocations: 733)


Started GET "/" for 127.0.0.1 at 2023-09-07 09:55:47 -0400
Processing by HomeController#index as HTML
  Rendering layout layouts/application.html.erb
  Rendering home/index.html.erb within layouts/application
  Rendered home/index.html.erb within layouts/application (Duration: 0.4ms | Allocations: 7)
  Rendered layout layouts/application.html.erb (Duration: 15.3ms | Allocations: 1921)
Completed 200 OK in 19ms (Views: 17.8ms | ActiveRecord: 0.0ms | Allocations: 2158)


Started GET "/api/greetings/random" for 127.0.0.1 at 2023-09-07 09:55:48 -0400
Processing by GreetingsController#random as */*
  [1m[36mMessage Load (0.6ms)[0m  [1m[34mSELECT "messages".* FROM "messages" ORDER BY RANDOM() LIMIT $1[0m  [["LIMIT", 1]]
  ↳ app/controllers/greetings_controller.rb:3:in `random'
Completed 200 OK in 7ms (Views: 0.5ms | ActiveRecord: 0.6ms | Allocations: 732)


Started GET "/" for 127.0.0.1 at 2023-09-07 09:55:50 -0400
Processing by HomeController#index as HTML
  Rendering layout layouts/application.html.erb
  Rendering home/index.html.erb within layouts/application
  Rendered home/index.html.erb within layouts/application (Duration: 0.1ms | Allocations: 7)
  Rendered layout layouts/application.html.erb (Duration: 8.0ms | Allocations: 1915)
Completed 200 OK in 9ms (Views: 9.0ms | ActiveRecord: 0.0ms | Allocations: 2152)


Started GET "/api/greetings/random" for 127.0.0.1 at 2023-09-07 09:55:51 -0400
Processing by GreetingsController#random as */*
  [1m[36mMessage Load (0.5ms)[0m  [1m[34mSELECT "messages".* FROM "messages" ORDER BY RANDOM() LIMIT $1[0m  [["LIMIT", 1]]
  ↳ app/controllers/greetings_controller.rb:3:in `random'
Completed 200 OK in 4ms (Views: 0.5ms | ActiveRecord: 0.5ms | Allocations: 732)


Started GET "/" for 127.0.0.1 at 2023-09-07 09:55:53 -0400
Processing by HomeController#index as HTML
  Rendering layout layouts/application.html.erb
  Rendering home/index.html.erb within layouts/application
  Rendered home/index.html.erb within layouts/application (Duration: 0.1ms | Allocations: 7)
  Rendered layout layouts/application.html.erb (Duration: 245.3ms | Allocations: 4615)
Completed 200 OK in 246ms (Views: 246.1ms | ActiveRecord: 0.0ms | Allocations: 4852)


Started GET "/api/greetings/random" for 127.0.0.1 at 2023-09-07 09:55:54 -0400
Processing by GreetingsController#random as */*
  [1m[36mMessage Load (0.7ms)[0m  [1m[34mSELECT "messages".* FROM "messages" ORDER BY RANDOM() LIMIT $1[0m  [["LIMIT", 1]]
  ↳ app/controllers/greetings_controller.rb:3:in `random'
Completed 200 OK in 4ms (Views: 0.6ms | ActiveRecord: 0.7ms | Allocations: 732)


Started GET "/" for 127.0.0.1 at 2023-09-07 09:55:56 -0400
Processing by HomeController#index as HTML
  Rendering layout layouts/application.html.erb
  Rendering home/index.html.erb within layouts/application
  Rendered home/index.html.erb within layouts/application (Duration: 0.1ms | Allocations: 7)
  Rendered layout layouts/application.html.erb (Duration: 8.0ms | Allocations: 1924)
Completed 200 OK in 11ms (Views: 10.6ms | ActiveRecord: 0.0ms | Allocations: 2161)


Started GET "/api/greetings/random" for 127.0.0.1 at 2023-09-07 09:55:57 -0400
Processing by GreetingsController#random as */*
  [1m[36mMessage Load (0.5ms)[0m  [1m[34mSELECT "messages".* FROM "messages" ORDER BY RANDOM() LIMIT $1[0m  [["LIMIT", 1]]
  ↳ app/controllers/greetings_controller.rb:3:in `random'
Completed 200 OK in 5ms (Views: 0.5ms | ActiveRecord: 0.5ms | Allocations: 744)


Started GET "/" for 127.0.0.1 at 2023-09-07 09:55:59 -0400
Processing by HomeController#index as HTML
  Rendering layout layouts/application.html.erb
  Rendering home/index.html.erb within layouts/application
  Rendered home/index.html.erb within layouts/application (Duration: 0.1ms | Allocations: 7)
  Rendered layout layouts/application.html.erb (Duration: 7.1ms | Allocations: 1924)
Completed 200 OK in 8ms (Views: 8.1ms | ActiveRecord: 0.0ms | Allocations: 2161)


Started GET "/api/greetings/random" for 127.0.0.1 at 2023-09-07 09:56:00 -0400
Processing by GreetingsController#random as */*
  [1m[36mMessage Load (0.7ms)[0m  [1m[34mSELECT "messages".* FROM "messages" ORDER BY RANDOM() LIMIT $1[0m  [["LIMIT", 1]]
  ↳ app/controllers/greetings_controller.rb:3:in `random'
Completed 200 OK in 6ms (Views: 0.5ms | ActiveRecord: 0.7ms | Allocations: 732)


Started GET "/" for 127.0.0.1 at 2023-09-07 09:56:45 -0400
Processing by HomeController#index as HTML
  Rendering layout layouts/application.html.erb
  Rendering home/index.html.erb within layouts/application
  Rendered home/index.html.erb within layouts/application (Duration: 0.1ms | Allocations: 7)
  Rendered layout layouts/application.html.erb (Duration: 10.3ms | Allocations: 1931)
Completed 200 OK in 14ms (Views: 13.5ms | ActiveRecord: 0.0ms | Allocations: 2168)


Started GET "/api/greetings/random" for 127.0.0.1 at 2023-09-07 09:56:46 -0400
Processing by GreetingsController#random as */*
  [1m[36mMessage Load (0.5ms)[0m  [1m[34mSELECT "messages".* FROM "messages" ORDER BY RANDOM() LIMIT $1[0m  [["LIMIT", 1]]
  ↳ app/controllers/greetings_controller.rb:3:in `random'
Completed 200 OK in 5ms (Views: 0.5ms | ActiveRecord: 0.5ms | Allocations: 732)


Started GET "/" for 127.0.0.1 at 2023-09-07 09:56:54 -0400
Processing by HomeController#index as HTML
  Rendering layout layouts/application.html.erb
  Rendering home/index.html.erb within layouts/application
  Rendered home/index.html.erb within layouts/application (Duration: 0.1ms | Allocations: 7)
  Rendered layout layouts/application.html.erb (Duration: 6.9ms | Allocations: 2029)
Completed 200 OK in 9ms (Views: 8.1ms | ActiveRecord: 0.0ms | Allocations: 2266)


Started GET "/api/greetings/random" for 127.0.0.1 at 2023-09-07 09:56:56 -0400
Processing by GreetingsController#random as */*
  [1m[36mMessage Load (1.9ms)[0m  [1m[34mSELECT "messages".* FROM "messages" ORDER BY RANDOM() LIMIT $1[0m  [["LIMIT", 1]]
  ↳ app/controllers/greetings_controller.rb:3:in `random'
Completed 200 OK in 6ms (Views: 0.5ms | ActiveRecord: 1.9ms | Allocations: 733)


